<?xml version="1.0" encoding="UTF-8"?>
<!-- Generated by org.testng.reporters.JUnitReportReporter -->
<testsuite hostname="DESKTOP-SL72NKE" failures="0" tests="4" name="api_tests.CraterLogoutAPI" time="0.846" errors="0" timestamp="2023-10-06T22:21:53 CDT" skipped="0">
  <testcase classname="api_tests.CraterLogoutAPI" name="logout_valid" time="0.198"/>
  <testcase classname="api_tests.CraterLogoutAPI" name="user_login_valid" time="0.296"/>
  <testcase classname="api_tests.CraterLogoutAPI" name="logout_invalid_auth" time="0.175"/>
  <testcase classname="api_tests.CraterLogoutAPI" name="logout_invalid_endpoint" time="0.177"/>
</testsuite> <!-- api_tests.CraterLogoutAPI -->
